commit aafd98cdad08ca94c5ca3e42bce95932c0560997
Author: ryanyun2010 <ryanyun2010@gmail.com>
Date:   Mon Apr 22 18:52:23 2019 -0700

    commit

commit 2053a1ae2e757bd68c86f4f55c75f03a92f169ad
Author: ryanyun2010 <ryanyun2010@gmail.com>
Date:   Sun Apr 21 18:39:15 2019 -0700

    commit

commit 817d2f273d5a986905f0f10530437a03b8a22910
Author: ryanyun2010 <ryanyun2010@gmail.com>
Date:   Sun Apr 21 18:20:25 2019 -0700

    commit

commit abc4d2f01a237a7983272cf6f901bd739173433c
Author: ryanyun2010 <ryanyun2010@gmail.com>
Date:   Sun Apr 21 17:47:48 2019 -0700

    commit

commit b880efec061de452ea6265b2ebd85b806fb5c5d0
Author: ryanyun2010 <ryanyun2010@gmail.com>
Date:   Sun Apr 21 17:47:19 2019 -0700

    commit

commit 6a6c93d8dad8955f67469f2b21696d295f2239e3
Author: ryanyun2010 <ryanyun2010@gmail.com>
Date:   Sun Apr 21 17:13:49 2019 -0700

    commit

commit c33a5bdae017f314f21fecf7d7975718e3a46bf7
Author: ryanyun2010 <ryanyun2010@gmail.com>
Date:   Sun Apr 21 17:13:18 2019 -0700

    commit

commit d1aa3a8896b899570aa0eeb5c43b00eb78d3d272
Author: ryanyun2010 <ryanyun2010@gmail.com>
Date:   Sun Apr 21 17:11:14 2019 -0700

    commit

commit 0aabecebe698f1d4af7a6106883c07e1e585874c
Author: ryanyun2010 <ryanyun2010@gmail.com>
Date:   Sun Apr 21 17:10:25 2019 -0700

    commit

commit 5c5272a932b141da67c9910606d411210a5ada91
Author: ryanyun2010 <ryanyun2010@gmail.com>
Date:   Sun Apr 21 16:55:16 2019 -0700

    commit

commit 18709f8c13f108cffce714fe3af9a6cbbf8ab9be
Author: ryanyun2010 <ryanyun2010@gmail.com>
Date:   Sun Apr 21 16:40:20 2019 -0700

    commit

commit 4c1475ad41706b5fa6c27c8acb010376d707f3e1
Author: ryanyun2010 <ryanyun2010@gmail.com>
Date:   Sun Apr 21 16:37:09 2019 -0700

    commit

commit c2d6ed568906ab3e2b87b4a7bb23bbb9f57955bb
Author: ryanyun2010 <ryanyun2010@gmail.com>
Date:   Sun Apr 21 16:36:04 2019 -0700

    commit

commit 554a3e2cd0d8f897e7b8b7a54eecf2071449f61c
Author: ryanyun2010 <ryanyun2010@gmail.com>
Date:   Sun Apr 21 16:34:57 2019 -0700

    commit

commit 48e75b05aec33a1aa16106ce6fc51281d94d144e
Author: ryanyun2010 <ryanyun2010@gmail.com>
Date:   Sun Apr 21 16:33:20 2019 -0700

    commit

commit 1d4a2ba27b45f5f2da3a520e87bcfe74d036a478
Author: ryanyun2010 <ryanyun2010@gmail.com>
Date:   Sun Apr 21 16:31:46 2019 -0700

    commit

commit eb1043515ae0a164141332e006c027e64b518423
Author: ryanyun2010 <ryanyun2010@gmail.com>
Date:   Sun Apr 21 16:31:21 2019 -0700

    commit

commit 1ddffb316c0b34876f6b0b2ee90c7255641d04e6
Author: ryanyun2010 <ryanyun2010@gmail.com>
Date:   Sun Apr 21 16:30:51 2019 -0700

    commit

commit 1a5dcc2cc63eba7d25beae1ca06ce8b281692cef
Author: ryanyun2010 <ryanyun2010@gmail.com>
Date:   Sun Apr 21 16:29:54 2019 -0700

    commit

commit 9ac75330baed123903a3d3e1fed6902d871c434c
Author: ryanyun2010 <ryanyun2010@gmail.com>
Date:   Sun Apr 21 16:27:59 2019 -0700

    commit

commit 262e20fc5ef89239a16b76748f8ff314263613de
Author: ryanyun2010 <ryanyun2010@gmail.com>
Date:   Sun Apr 21 16:26:25 2019 -0700

    commit

commit ea0b54887ab30553225b670daf044ec3b6f70091
Author: ryanyun2010 <ryanyun2010@gmail.com>
Date:   Sun Apr 21 16:24:59 2019 -0700

    commit

commit e56d201d36be0181a03fa8cb0ec706c2d9df3d58
Author: ryanyun2010 <ryanyun2010@gmail.com>
Date:   Sun Apr 21 16:21:04 2019 -0700

    commit

commit 138c19658d0600c2224870228145770af8e7acc0
Author: ryanyun2010 <ryanyun2010@gmail.com>
Date:   Sun Apr 21 16:19:42 2019 -0700

    commit

commit 668f06c739507483b1eb18d6ddc9170b1ce2b54b
Author: ryanyun2010 <ryanyun2010@gmail.com>
Date:   Sun Apr 21 16:13:18 2019 -0700

    commit

commit d2bf3336ce06ff5232b926c9004c4356df580287
Author: ryanyun2010 <ryanyun2010@gmail.com>
Date:   Sun Apr 21 16:12:08 2019 -0700

    commit

commit f6a5df2fd05bcc6d2d3cb3c66513a2dd6e0d4387
Author: ryanyun2010 <ryanyun2010@gmail.com>
Date:   Sun Apr 21 16:09:23 2019 -0700

    commit

commit 91b15da963cecdc241f6df31343e4edac048b853
Author: ryanyun2010 <ryanyun2010@gmail.com>
Date:   Sun Apr 21 16:00:29 2019 -0700

    commit

commit a28fa23a0f38c2aae77d988f1252a2de5b7239e0
Author: ryanyun2010 <ryanyun2010@gmail.com>
Date:   Sat Apr 20 20:41:43 2019 -0700

    commit

commit c8ce7c3dc3bca7018da2d8aad835c93a05d7aa6a
Author: ryanyun2010 <ryanyun2010@gmail.com>
Date:   Sat Apr 20 20:40:19 2019 -0700

    commit

commit 43387b62c0ec1c6abe17d62b48c9542dfdac10a7
Author: ryanyun2010 <ryanyun2010@gmail.com>
Date:   Sat Apr 20 20:39:33 2019 -0700

    commit

commit 7d6794f42438e093d8acd7dfe0b022f8fc2c7b18
Author: ryanyun2010 <ryanyun2010@gmail.com>
Date:   Sat Apr 20 20:39:02 2019 -0700

    commit

commit 4fed1c9d4e0ed12fb29a28eb8169a5dbee7318d1
Author: ryanyun2010 <ryanyun2010@gmail.com>
Date:   Sat Apr 20 20:38:20 2019 -0700

    commit

commit 5b1c354e2cc27166cfbe7ddd8f1f63eb3c68fe3b
Author: ryanyun2010 <ryanyun2010@gmail.com>
Date:   Sat Apr 20 20:36:46 2019 -0700

    commit

commit 5e5d9ea2629c601fa599b1551c5b235c6bbe5716
Author: ryanyun2010 <ryanyun2010@gmail.com>
Date:   Sat Apr 20 20:31:27 2019 -0700

    commit

commit e4dbb08f757db6d46a84a8835e1f218cb9697635
Author: ryanyun2010 <ryanyun2010@gmail.com>
Date:   Sat Apr 20 20:16:56 2019 -0700

    commit

commit be817ac890279143405c9cbd4e90c7c113aa2f77
Author: ryanyun2010 <ryanyun2010@gmail.com>
Date:   Sat Apr 20 19:59:51 2019 -0700

    commit

commit 2fcf0a93792fc87fa142ddb665d6f7764a2245b5
Author: ryanyun2010 <ryanyun2010@gmail.com>
Date:   Sat Apr 20 19:50:10 2019 -0700

    commit

commit 657d1423c022a612719baf0406dea8be87bd08aa
Author: ryanyun2010 <ryanyun2010@gmail.com>
Date:   Sat Apr 20 19:49:18 2019 -0700

    commit

commit f938fa103c8ee15cf5e877f4f3fc5909ed4a35a2
Author: ryanyun2010 <ryanyun2010@gmail.com>
Date:   Sat Apr 20 19:49:13 2019 -0700

    commit

commit 9c3c21523afb7a868eb19b4e939172bd15c7c172
Author: ryanyun2010 <ryanyun2010@gmail.com>
Date:   Sat Apr 20 19:48:41 2019 -0700

    commit

commit dc53211797a170dac5093bb291b96d32b1462cf7
Author: ryanyun2010 <ryanyun2010@gmail.com>
Date:   Sat Apr 20 19:46:10 2019 -0700

    commit

commit 47cb04628ccd908fa4cfa7059919aa027c2d9d8a
Author: ryanyun2010 <ryanyun2010@gmail.com>
Date:   Sat Apr 20 19:42:56 2019 -0700

    commit

commit 2f5718eb4500b6eb6dcb3f1ba278ce3cbdc57f11
Author: ryanyun2010 <ryanyun2010@gmail.com>
Date:   Sat Apr 20 19:42:24 2019 -0700

    commit

commit cc14d3aecfe7a918d4f6d5d78833b0e536d69846
Author: ryanyun2010 <ryanyun2010@gmail.com>
Date:   Sat Apr 20 19:41:28 2019 -0700

    commit

commit c677f8b00ce30f06ae7431290acd6b71a5c2e670
Author: ryanyun2010 <ryanyun2010@gmail.com>
Date:   Sat Apr 20 19:40:52 2019 -0700

    commit

commit 0610273e7637373c74b00baa39f613a1397e74e4
Author: ryanyun2010 <ryanyun2010@gmail.com>
Date:   Sat Apr 20 19:40:30 2019 -0700

    commit

commit 296963a4468842e437f3e5633a3c3480860b0c7f
Author: ryanyun2010 <ryanyun2010@gmail.com>
Date:   Sat Apr 20 19:36:42 2019 -0700

    commit

commit de9889bda04bcfe6bb760f74b0b0865505f5526b
Author: ryanyun2010 <ryanyun2010@gmail.com>
Date:   Sat Apr 20 19:33:14 2019 -0700

    commit

commit 2669e42a16ad0120d9f269a793806f26d61e8ca7
Author: ryanyun2010 <ryanyun2010@gmail.com>
Date:   Sat Apr 20 19:27:07 2019 -0700

    commit

commit 765cd20abb3c2c82c5d71cd6752a74143bf6aeb6
Author: ryanyun2010 <ryanyun2010@gmail.com>
Date:   Sat Apr 20 17:37:48 2019 -0700

    commit

commit 6c883932487964a6719151e49467267087316abc
Author: ryanyun2010 <ryanyun2010@gmail.com>
Date:   Sat Apr 20 17:36:38 2019 -0700

    commit

commit 7446a7a11ec1c3c11e6953cc81b997481c7463c8
Author: ryanyun2010 <ryanyun2010@gmail.com>
Date:   Sat Apr 20 17:35:49 2019 -0700

    commit

commit 25695e9dea039ee171c887d7751a4af92410471c
Author: ryanyun2010 <ryanyun2010@gmail.com>
Date:   Sat Apr 20 17:35:13 2019 -0700

    commit

commit 44ccb68d10f48442bd7d14947e4f6c854f77409f
Author: ryanyun2010 <ryanyun2010@gmail.com>
Date:   Sat Apr 20 17:35:00 2019 -0700

    commit

commit e5c4a89f4d0dc03bf56591f283c85acc0b612d4c
Author: ryanyun2010 <ryanyun2010@gmail.com>
Date:   Sat Apr 20 17:23:16 2019 -0700

    commit

commit 1ac3a2757d2b2b695f2ef76d6b5a4125f186dd60
Author: ryanyun2010 <ryanyun2010@gmail.com>
Date:   Sat Apr 20 17:19:17 2019 -0700

    commit

commit e90e8cb1515e51e124f38b7ff77dd20486c203e4
Author: ryanyun2010 <ryanyun2010@gmail.com>
Date:   Sat Apr 20 17:02:19 2019 -0700

    commit

commit c2d116bc7fb9e853f5c2b8365f7776c2ea820071
Author: ryanyun2010 <ryanyun2010@gmail.com>
Date:   Sat Apr 20 17:01:33 2019 -0700

    commit
